=== JSON Directory Comparison Log ===
Start time: 2025-05-27 03:00:19
Comparing directories: archive_result/accessrefinery_bdd_reducer_10rs/Scalability_06Keys/ and archive_result/accessrefinery_sat_reducer_3rs/Scalability_06Keys/

🔍 Comparing files in archive_result/accessrefinery_bdd_reducer_10rs/Scalability_06Keys/ and archive_result/accessrefinery_sat_reducer_3rs/Scalability_06Keys/...
✅ 01_allow_result.json: equivalent
✅ 02_allow_result.json: equivalent
✅ 03_allow_result.json: equivalent
✅ 04_allow_result.json: equivalent
✅ 05_allow_result.json: equivalent
✅ 06_allow_result.json: equivalent
✅ 07_allow_result.json: equivalent
✅ 08_allow_result.json: equivalent
✅ 09_allow_result.json: equivalent
✅ 10_allow_result.json: equivalent
✅ 11_allow_result.json: equivalent
✅ 12_allow_result.json: equivalent
✅ 13_allow_result.json: equivalent
✅ 14_allow_result.json: equivalent

=== Summary ===
Timestamp: 2025-05-27 03:00:20
Total matched files: 14
Different files: 0
Identical files: 14

🎉 All 14 matched files are semantically equivalent.
