=== JSON Directory Comparison Log ===
Start time: 2025-05-12 16:35:29
Comparing directories: archive_result/accessminer_bdd_mci_10rs/RW/ and archive_result/accessminer_sat_mci_10rs/RW/

🔍 Comparing files in archive_result/accessminer_bdd_mci_10rs/RW/ and archive_result/accessminer_sat_mci_10rs/RW/...
✅ rw_001_result.json: equivalent
✅ rw_002_result.json: equivalent
✅ rw_003_result.json: equivalent
✅ rw_004_result.json: equivalent
✅ rw_005_result.json: equivalent
✅ rw_006_result.json: equivalent
✅ rw_007_result.json: equivalent
✅ rw_008_result.json: equivalent
✅ rw_009_result.json: equivalent
✅ rw_010_result.json: equivalent
✅ rw_011_result.json: equivalent
✅ rw_012_result.json: equivalent
✅ rw_013_result.json: equivalent
✅ rw_014_result.json: equivalent
✅ rw_015_result.json: equivalent
✅ rw_016_result.json: equivalent
✅ rw_017_result.json: equivalent
✅ rw_018_result.json: equivalent
✅ rw_019_result.json: equivalent
✅ rw_020_result.json: equivalent
✅ rw_021_result.json: equivalent
✅ rw_022_result.json: equivalent
✅ rw_023_result.json: equivalent
✅ rw_024_result.json: equivalent
✅ rw_025_result.json: equivalent
✅ rw_026_result.json: equivalent
✅ rw_027_result.json: equivalent
✅ rw_028_result.json: equivalent
✅ rw_029_result.json: equivalent
✅ rw_030_result.json: equivalent
✅ rw_031_result.json: equivalent
✅ rw_032_result.json: equivalent
✅ rw_033_result.json: equivalent
✅ rw_034_result.json: equivalent
✅ rw_035_result.json: equivalent
✅ rw_036_result.json: equivalent
✅ rw_037_result.json: equivalent
✅ rw_038_result.json: equivalent
✅ rw_039_result.json: equivalent
✅ rw_040_result.json: equivalent
✅ rw_041_result.json: equivalent
✅ rw_042_result.json: equivalent
✅ rw_043_result.json: equivalent
✅ rw_044_result.json: equivalent
✅ rw_045_result.json: equivalent
✅ rw_046_result.json: equivalent
✅ rw_047_result.json: equivalent
✅ rw_048_result.json: equivalent
✅ rw_049_result.json: equivalent
✅ rw_050_result.json: equivalent
✅ rw_051_result.json: equivalent
✅ rw_052_result.json: equivalent
✅ rw_053_result.json: equivalent
✅ rw_054_result.json: equivalent
✅ rw_055_result.json: equivalent
✅ rw_056_result.json: equivalent
✅ rw_057_result.json: equivalent
✅ rw_058_result.json: equivalent
✅ rw_059_result.json: equivalent
✅ rw_060_result.json: equivalent
✅ rw_061_result.json: equivalent
✅ rw_062_result.json: equivalent
✅ rw_063_result.json: equivalent
✅ rw_064_result.json: equivalent
✅ rw_065_result.json: equivalent
✅ rw_066_result.json: equivalent
✅ rw_067_result.json: equivalent
✅ rw_068_result.json: equivalent
✅ rw_069_result.json: equivalent
✅ rw_070_result.json: equivalent
✅ rw_071_result.json: equivalent
✅ rw_072_result.json: equivalent
✅ rw_073_result.json: equivalent
✅ rw_074_result.json: equivalent
✅ rw_075_result.json: equivalent
✅ rw_076_result.json: equivalent
✅ rw_077_result.json: equivalent
✅ rw_078_result.json: equivalent
✅ rw_079_result.json: equivalent
✅ rw_080_result.json: equivalent
✅ rw_081_result.json: equivalent
✅ rw_082_result.json: equivalent
✅ rw_083_result.json: equivalent
✅ rw_084_result.json: equivalent
✅ rw_085_result.json: equivalent
✅ rw_086_result.json: equivalent
✅ rw_087_result.json: equivalent
✅ rw_088_result.json: equivalent
✅ rw_089_result.json: equivalent
✅ rw_090_result.json: equivalent
✅ rw_091_result.json: equivalent
✅ rw_092_result.json: equivalent
✅ rw_093_result.json: equivalent
✅ rw_094_result.json: equivalent
✅ rw_095_result.json: equivalent
✅ rw_096_result.json: equivalent
✅ rw_097_result.json: equivalent
✅ rw_098_result.json: equivalent
✅ rw_099_result.json: equivalent
✅ rw_100_result.json: equivalent
✅ rw_101_result.json: equivalent
✅ rw_102_result.json: equivalent
✅ rw_103_result.json: equivalent
✅ rw_104_result.json: equivalent
✅ rw_105_result.json: equivalent
✅ rw_106_result.json: equivalent
✅ rw_107_result.json: equivalent
✅ rw_108_result.json: equivalent
✅ rw_109_result.json: equivalent
✅ rw_110_result.json: equivalent
✅ rw_111_result.json: equivalent
✅ rw_112_result.json: equivalent
✅ rw_113_result.json: equivalent
✅ rw_114_result.json: equivalent
✅ rw_115_result.json: equivalent
✅ rw_116_result.json: equivalent
✅ rw_117_result.json: equivalent
✅ rw_118_result.json: equivalent
✅ rw_119_result.json: equivalent
✅ rw_120_result.json: equivalent
✅ rw_121_result.json: equivalent
✅ rw_122_result.json: equivalent
✅ rw_123_result.json: equivalent
✅ rw_124_result.json: equivalent
✅ rw_125_result.json: equivalent
✅ rw_126_result.json: equivalent
✅ rw_127_result.json: equivalent
✅ rw_128_result.json: equivalent
✅ rw_129_result.json: equivalent
✅ rw_130_result.json: equivalent
✅ rw_131_result.json: equivalent
✅ rw_132_result.json: equivalent
✅ rw_133_result.json: equivalent
✅ rw_134_result.json: equivalent
✅ rw_135_result.json: equivalent
✅ rw_136_result.json: equivalent
✅ rw_137_result.json: equivalent
✅ rw_138_result.json: equivalent
✅ rw_139_result.json: equivalent
✅ rw_140_result.json: equivalent
✅ rw_141_result.json: equivalent
✅ rw_142_result.json: equivalent
✅ rw_143_result.json: equivalent
✅ rw_144_result.json: equivalent
✅ rw_145_result.json: equivalent
✅ rw_146_result.json: equivalent
✅ rw_147_result.json: equivalent
✅ rw_148_result.json: equivalent
✅ rw_149_result.json: equivalent
✅ rw_150_result.json: equivalent
✅ rw_151_result.json: equivalent
✅ rw_152_result.json: equivalent
✅ rw_153_result.json: equivalent
✅ rw_154_result.json: equivalent
✅ rw_155_result.json: equivalent
✅ rw_156_result.json: equivalent
✅ rw_157_result.json: equivalent
✅ rw_158_result.json: equivalent
✅ rw_159_result.json: equivalent
✅ rw_160_result.json: equivalent
✅ rw_161_result.json: equivalent
✅ rw_162_result.json: equivalent
✅ rw_163_result.json: equivalent
✅ rw_164_result.json: equivalent
✅ rw_165_result.json: equivalent
✅ rw_166_result.json: equivalent
✅ rw_167_result.json: equivalent
✅ rw_168_result.json: equivalent
✅ rw_169_result.json: equivalent
✅ rw_170_result.json: equivalent
✅ rw_171_result.json: equivalent
✅ rw_172_result.json: equivalent
✅ rw_173_result.json: equivalent
✅ rw_174_result.json: equivalent
✅ rw_175_result.json: equivalent
✅ rw_176_result.json: equivalent
✅ rw_177_result.json: equivalent
✅ rw_178_result.json: equivalent
✅ rw_179_result.json: equivalent
✅ rw_180_result.json: equivalent
✅ rw_181_result.json: equivalent
✅ rw_182_result.json: equivalent
✅ rw_183_result.json: equivalent
✅ rw_184_result.json: equivalent
✅ rw_185_result.json: equivalent
✅ rw_186_result.json: equivalent
✅ rw_187_result.json: equivalent
✅ rw_188_result.json: equivalent
✅ rw_189_result.json: equivalent
✅ rw_190_result.json: equivalent
✅ rw_191_result.json: equivalent
✅ rw_192_result.json: equivalent
✅ rw_193_result.json: equivalent
✅ rw_194_result.json: equivalent
✅ rw_195_result.json: equivalent
✅ rw_196_result.json: equivalent
✅ rw_197_result.json: equivalent
✅ rw_198_result.json: equivalent
✅ rw_199_result.json: equivalent
✅ rw_200_result.json: equivalent
✅ rw_201_result.json: equivalent
✅ rw_202_result.json: equivalent
✅ rw_203_result.json: equivalent
✅ rw_204_result.json: equivalent
✅ rw_205_result.json: equivalent
✅ rw_206_result.json: equivalent
✅ rw_207_result.json: equivalent
✅ rw_208_result.json: equivalent
✅ rw_209_result.json: equivalent
✅ rw_210_result.json: equivalent
✅ rw_211_result.json: equivalent
✅ rw_212_result.json: equivalent
✅ rw_213_result.json: equivalent
✅ rw_214_result.json: equivalent
✅ rw_215_result.json: equivalent
✅ rw_216_result.json: equivalent
✅ rw_217_result.json: equivalent
✅ rw_218_result.json: equivalent
✅ rw_219_result.json: equivalent
✅ rw_220_result.json: equivalent
✅ rw_221_result.json: equivalent
✅ rw_222_result.json: equivalent
✅ rw_223_result.json: equivalent
✅ rw_224_result.json: equivalent
✅ rw_225_result.json: equivalent
✅ rw_226_result.json: equivalent
✅ rw_227_result.json: equivalent
✅ rw_228_result.json: equivalent
✅ rw_229_result.json: equivalent
✅ rw_230_result.json: equivalent
✅ rw_231_result.json: equivalent
✅ rw_232_result.json: equivalent
✅ rw_233_result.json: equivalent
✅ rw_234_result.json: equivalent
✅ rw_235_result.json: equivalent
✅ rw_236_result.json: equivalent
✅ rw_237_result.json: equivalent
✅ rw_238_result.json: equivalent
✅ rw_239_result.json: equivalent
✅ rw_240_result.json: equivalent
✅ rw_241_result.json: equivalent
✅ rw_242_result.json: equivalent
✅ rw_243_result.json: equivalent
✅ rw_244_result.json: equivalent
✅ rw_245_result.json: equivalent
✅ rw_246_result.json: equivalent
✅ rw_247_result.json: equivalent
✅ rw_248_result.json: equivalent
✅ rw_249_result.json: equivalent
✅ rw_250_result.json: equivalent
✅ rw_251_result.json: equivalent
✅ rw_252_result.json: equivalent
✅ rw_253_result.json: equivalent
✅ rw_254_result.json: equivalent
✅ rw_255_result.json: equivalent
✅ rw_256_result.json: equivalent
✅ rw_257_result.json: equivalent
✅ rw_258_result.json: equivalent
✅ rw_259_result.json: equivalent
✅ rw_260_result.json: equivalent
✅ rw_261_result.json: equivalent
✅ rw_262_result.json: equivalent
✅ rw_263_result.json: equivalent
✅ rw_264_result.json: equivalent
✅ rw_265_result.json: equivalent
✅ rw_266_result.json: equivalent
✅ rw_267_result.json: equivalent
✅ rw_268_result.json: equivalent
✅ rw_269_result.json: equivalent
✅ rw_270_result.json: equivalent
✅ rw_271_result.json: equivalent
✅ rw_272_result.json: equivalent
✅ rw_273_result.json: equivalent
✅ rw_274_result.json: equivalent
✅ rw_275_result.json: equivalent
✅ rw_276_result.json: equivalent
✅ rw_277_result.json: equivalent
✅ rw_278_result.json: equivalent
✅ rw_279_result.json: equivalent
✅ rw_280_result.json: equivalent
✅ rw_281_result.json: equivalent
✅ rw_282_result.json: equivalent
✅ rw_283_result.json: equivalent
✅ rw_284_result.json: equivalent
✅ rw_285_result.json: equivalent
✅ rw_286_result.json: equivalent
✅ rw_287_result.json: equivalent
✅ rw_288_result.json: equivalent
✅ rw_289_result.json: equivalent
✅ rw_290_result.json: equivalent
✅ rw_291_result.json: equivalent
✅ rw_292_result.json: equivalent
✅ rw_293_result.json: equivalent
✅ rw_294_result.json: equivalent
✅ rw_295_result.json: equivalent
✅ rw_296_result.json: equivalent
✅ rw_297_result.json: equivalent
✅ rw_298_result.json: equivalent
✅ rw_299_result.json: equivalent
✅ rw_300_result.json: equivalent
✅ rw_301_result.json: equivalent
✅ rw_302_result.json: equivalent
✅ rw_303_result.json: equivalent
✅ rw_304_result.json: equivalent
✅ rw_305_result.json: equivalent
✅ rw_306_result.json: equivalent
✅ rw_307_result.json: equivalent
✅ rw_308_result.json: equivalent
✅ rw_309_result.json: equivalent
✅ rw_310_result.json: equivalent
✅ rw_311_result.json: equivalent
✅ rw_312_result.json: equivalent
✅ rw_313_result.json: equivalent
✅ rw_314_result.json: equivalent
✅ rw_315_result.json: equivalent
✅ rw_316_result.json: equivalent
✅ rw_317_result.json: equivalent
✅ rw_318_result.json: equivalent
✅ rw_319_result.json: equivalent
✅ rw_320_result.json: equivalent
✅ rw_321_result.json: equivalent
✅ rw_322_result.json: equivalent
✅ rw_323_result.json: equivalent
✅ rw_324_result.json: equivalent
✅ rw_325_result.json: equivalent
✅ rw_326_result.json: equivalent
✅ rw_327_result.json: equivalent
✅ rw_328_result.json: equivalent
✅ rw_329_result.json: equivalent
✅ rw_330_result.json: equivalent
✅ rw_331_result.json: equivalent
✅ rw_332_result.json: equivalent
✅ rw_333_result.json: equivalent
✅ rw_334_result.json: equivalent
✅ rw_335_result.json: equivalent
✅ rw_336_result.json: equivalent
✅ rw_337_result.json: equivalent
✅ rw_338_result.json: equivalent
✅ rw_339_result.json: equivalent
✅ rw_340_result.json: equivalent
✅ rw_341_result.json: equivalent
✅ rw_342_result.json: equivalent
✅ rw_343_result.json: equivalent
✅ rw_344_result.json: equivalent
✅ rw_345_result.json: equivalent
✅ rw_346_result.json: equivalent
✅ rw_347_result.json: equivalent
✅ rw_348_result.json: equivalent
✅ rw_349_result.json: equivalent
✅ rw_350_result.json: equivalent
✅ rw_351_result.json: equivalent
✅ rw_352_result.json: equivalent
✅ rw_353_result.json: equivalent
✅ rw_354_result.json: equivalent
✅ rw_355_result.json: equivalent
✅ rw_356_result.json: equivalent
✅ rw_357_result.json: equivalent
✅ rw_358_result.json: equivalent
✅ rw_359_result.json: equivalent
✅ rw_360_result.json: equivalent
✅ rw_361_result.json: equivalent
✅ rw_362_result.json: equivalent
✅ rw_363_result.json: equivalent
✅ rw_364_result.json: equivalent
✅ rw_365_result.json: equivalent
✅ rw_366_result.json: equivalent
✅ rw_367_result.json: equivalent
✅ rw_368_result.json: equivalent
✅ rw_369_result.json: equivalent
✅ rw_370_result.json: equivalent
✅ rw_371_result.json: equivalent
✅ rw_372_result.json: equivalent
✅ rw_373_result.json: equivalent
✅ rw_374_result.json: equivalent
✅ rw_375_result.json: equivalent
✅ rw_376_result.json: equivalent
✅ rw_377_result.json: equivalent
✅ rw_378_result.json: equivalent
✅ rw_379_result.json: equivalent
✅ rw_380_result.json: equivalent
✅ rw_381_result.json: equivalent
✅ rw_382_result.json: equivalent
✅ rw_383_result.json: equivalent
✅ rw_384_result.json: equivalent
✅ rw_385_result.json: equivalent
✅ rw_386_result.json: equivalent
✅ rw_387_result.json: equivalent
✅ rw_388_result.json: equivalent
✅ rw_389_result.json: equivalent
✅ rw_390_result.json: equivalent
✅ rw_391_result.json: equivalent
✅ rw_392_result.json: equivalent
✅ rw_393_result.json: equivalent
✅ rw_394_result.json: equivalent
✅ rw_395_result.json: equivalent
✅ rw_396_result.json: equivalent
✅ rw_397_result.json: equivalent
✅ rw_398_result.json: equivalent
✅ rw_399_result.json: equivalent
✅ rw_400_result.json: equivalent
✅ rw_401_result.json: equivalent
✅ rw_402_result.json: equivalent
✅ rw_403_result.json: equivalent
✅ rw_404_result.json: equivalent
✅ rw_405_result.json: equivalent
✅ rw_406_result.json: equivalent
✅ rw_407_result.json: equivalent
✅ rw_408_result.json: equivalent
✅ rw_409_result.json: equivalent
✅ rw_410_result.json: equivalent
✅ rw_411_result.json: equivalent
✅ rw_412_result.json: equivalent
✅ rw_413_result.json: equivalent
✅ rw_414_result.json: equivalent
✅ rw_415_result.json: equivalent
✅ rw_416_result.json: equivalent
✅ rw_417_result.json: equivalent
✅ rw_418_result.json: equivalent
✅ rw_419_result.json: equivalent
✅ rw_420_result.json: equivalent
✅ rw_421_result.json: equivalent
✅ rw_422_result.json: equivalent
✅ rw_423_result.json: equivalent
✅ rw_424_result.json: equivalent
✅ rw_425_result.json: equivalent
✅ rw_426_result.json: equivalent
✅ rw_427_result.json: equivalent
✅ rw_428_result.json: equivalent
✅ rw_429_result.json: equivalent
✅ rw_430_result.json: equivalent
✅ rw_431_result.json: equivalent
✅ rw_432_result.json: equivalent
✅ rw_433_result.json: equivalent
✅ rw_434_result.json: equivalent
✅ rw_435_result.json: equivalent
✅ rw_436_result.json: equivalent
✅ rw_437_result.json: equivalent
✅ rw_438_result.json: equivalent
✅ rw_439_result.json: equivalent
✅ rw_440_result.json: equivalent
✅ rw_441_result.json: equivalent
✅ rw_442_result.json: equivalent
✅ rw_443_result.json: equivalent
✅ rw_444_result.json: equivalent
✅ rw_445_result.json: equivalent
✅ rw_446_result.json: equivalent
✅ rw_447_result.json: equivalent
✅ rw_448_result.json: equivalent
✅ rw_449_result.json: equivalent
✅ rw_450_result.json: equivalent
✅ rw_451_result.json: equivalent
✅ rw_452_result.json: equivalent
✅ rw_453_result.json: equivalent
✅ rw_454_result.json: equivalent
✅ rw_455_result.json: equivalent
✅ rw_456_result.json: equivalent
✅ rw_457_result.json: equivalent
✅ rw_458_result.json: equivalent
✅ rw_459_result.json: equivalent
✅ rw_460_result.json: equivalent
✅ rw_461_result.json: equivalent
✅ rw_462_result.json: equivalent
✅ rw_463_result.json: equivalent
✅ rw_464_result.json: equivalent
✅ rw_465_result.json: equivalent
✅ rw_466_result.json: equivalent
✅ rw_467_result.json: equivalent
✅ rw_468_result.json: equivalent
✅ rw_469_result.json: equivalent
✅ rw_470_result.json: equivalent
✅ rw_471_result.json: equivalent
✅ rw_472_result.json: equivalent
✅ rw_473_result.json: equivalent
✅ rw_474_result.json: equivalent
✅ rw_475_result.json: equivalent
✅ rw_476_result.json: equivalent
✅ rw_477_result.json: equivalent
✅ rw_478_result.json: equivalent
✅ rw_479_result.json: equivalent
✅ rw_480_result.json: equivalent
✅ rw_481_result.json: equivalent
✅ rw_482_result.json: equivalent
✅ rw_483_result.json: equivalent
✅ rw_484_result.json: equivalent
✅ rw_485_result.json: equivalent
✅ rw_486_result.json: equivalent
✅ rw_487_result.json: equivalent
✅ rw_488_result.json: equivalent
✅ rw_489_result.json: equivalent
✅ rw_490_result.json: equivalent
✅ rw_491_result.json: equivalent
✅ rw_492_result.json: equivalent
✅ rw_493_result.json: equivalent
✅ rw_494_result.json: equivalent
✅ rw_495_result.json: equivalent
✅ rw_496_result.json: equivalent
✅ rw_497_result.json: equivalent
✅ rw_498_result.json: equivalent
✅ rw_499_result.json: equivalent
✅ rw_500_result.json: equivalent
✅ rw_501_result.json: equivalent
✅ rw_502_result.json: equivalent
✅ rw_503_result.json: equivalent
✅ rw_504_result.json: equivalent
✅ rw_505_result.json: equivalent
✅ rw_506_result.json: equivalent

=== Summary ===
Timestamp: 2025-05-12 16:36:31
Total matched files: 506
Different files: 0
Identical files: 506

🎉 All 506 matched files are semantically equivalent.
