=== JSON Directory Comparison Log ===
Start time: 2025-05-12 16:35:27
Comparing directories: archive_result/accessminer_bdd_mci_10rs/Scalability_06Keys/ and archive_result/accessminer_sat_mci_10rs/Scalability_06Keys/

🔍 Comparing files in archive_result/accessminer_bdd_mci_10rs/Scalability_06Keys/ and archive_result/accessminer_sat_mci_10rs/Scalability_06Keys/...
✅ 01_allow_result.json: equivalent
✅ 02_allow_result.json: equivalent
✅ 03_allow_result.json: equivalent
✅ 04_allow_result.json: equivalent
✅ 05_allow_result.json: equivalent
✅ 06_allow_result.json: equivalent
✅ 07_allow_result.json: equivalent
✅ 08_allow_result.json: equivalent
✅ 09_allow_result.json: equivalent
✅ 10_allow_result.json: equivalent
✅ 11_allow_result.json: equivalent
✅ 12_allow_result.json: equivalent
✅ 13_allow_result.json: equivalent
✅ 14_allow_result.json: equivalent
✅ 15_allow_result.json: equivalent

=== Summary ===
Timestamp: 2025-05-12 16:35:29
Total matched files: 15
Different files: 0
Identical files: 15

🎉 All 15 matched files are semantically equivalent.
