=== JSON Directory Comparison Log ===
Start time: 2025-05-27 02:59:35
Comparing directories: archive_result/accessanalyzer_web/Scalability_05Keys/ and archive_result/accessrefinery_bdd_miner_10rs/Scalability_05Keys/

🔍 Comparing files in archive_result/accessanalyzer_web/Scalability_05Keys/ and archive_result/accessrefinery_bdd_miner_10rs/Scalability_05Keys/...
✅ 01_allow_result.json: equivalent
✅ 02_allow_result.json: equivalent
✅ 03_allow_result.json: equivalent
✅ 04_allow_result.json: equivalent
✅ 05_allow_result.json: equivalent
✅ 06_allow_result.json: equivalent
✅ 07_allow_result.json: equivalent
✅ 08_allow_result.json: equivalent
✅ 09_allow_result.json: equivalent
✅ 10_allow_result.json: equivalent
✅ 11_allow_result.json: equivalent

=== Summary ===
Timestamp: 2025-05-27 02:59:36
Total matched files: 11
Different files: 0
Identical files: 11

🎉 All 11 matched files are semantically equivalent.
