=== JSON Directory Comparison Log ===
Start time: 2026-04-10 17:42:22
Comparing directories: archive_results/accessanalyzer_z3_miner_1rs/Scalability_06Keys/ and archive_results/accessrefinery_bdd_miner_10rs/Scalability_06Keys/

🔍 Comparing files in archive_results/accessanalyzer_z3_miner_1rs/Scalability_06Keys/ and archive_results/accessrefinery_bdd_miner_10rs/Scalability_06Keys/...
✅ 01_allow_result.json: equivalent
✅ 02_allow_result.json: equivalent
✅ 03_allow_result.json: equivalent
✅ 04_allow_result.json: equivalent
✅ 05_allow_result.json: equivalent
✅ 06_allow_result.json: equivalent
✅ 07_allow_result.json: equivalent
✅ 08_allow_result.json: equivalent
✅ 09_allow_result.json: equivalent
✅ 10_allow_result.json: equivalent

=== Summary ===
Timestamp: 2026-04-10 17:42:23
Total matched files: 10
Different files: 0
Identical files: 10

🎉 All 10 matched files are semantically equivalent.
