=== JSON Directory Comparison Log ===
Start time: 2026-04-10 17:34:37
Comparing directories: archive_results/accessanalyzer_cvc5_miner_1rs/Scalability_05Keys/ and archive_results/accessanalyzer_cli/Scalability_05Keys/

🔍 Comparing files in archive_results/accessanalyzer_cvc5_miner_1rs/Scalability_05Keys/ and archive_results/accessanalyzer_cli/Scalability_05Keys/...
✅ 01_allow_result.json: equivalent
✅ 02_allow_result.json: equivalent
✅ 03_allow_result.json: equivalent
✅ 04_allow_result.json: equivalent
✅ 05_allow_result.json: equivalent
✅ 06_allow_result.json: equivalent
✅ 07_allow_result.json: equivalent
✅ 08_allow_result.json: equivalent
✅ 09_allow_result.json: equivalent
✅ 10_allow_result.json: equivalent
✅ 11_allow_result.json: equivalent

=== Summary ===
Timestamp: 2026-04-10 17:34:38
Total matched files: 11
Different files: 0
Identical files: 11

🎉 All 11 matched files are semantically equivalent.
