=== JSON Directory Comparison Log ===
Start time: 2025-05-30 15:53:14
Comparing directories: archived_result/accessanalyzer_z3_unreduced/Scalability_06Keys/ and archived_result/accessrefinery_bdd_miner_10rs/Scalability_06Keys/

🔍 Comparing files in archived_result/accessanalyzer_z3_unreduced/Scalability_06Keys/ and archived_result/accessrefinery_bdd_miner_10rs/Scalability_06Keys/...
✅ 01_allow_result.json: equivalent
✅ 02_allow_result.json: equivalent
✅ 03_allow_result.json: equivalent
✅ 04_allow_result.json: equivalent
✅ 05_allow_result.json: equivalent
✅ 06_allow_result.json: equivalent
✅ 07_allow_result.json: equivalent
✅ 08_allow_result.json: equivalent
✅ 09_allow_result.json: equivalent
✅ 10_allow_result.json: equivalent

=== Summary ===
Timestamp: 2025-05-30 15:53:15
Total matched files: 10
Different files: 0
Identical files: 10

🎉 All 10 matched files are semantically equivalent.
