-----------------new run---------------------
Processing file: data/Correctness//11_allow_allow_equal.json
[0/5] Initial updatedAt: 2025-05-10T14:12:43.575Z
[1/5] Bucket policy updated with data/Correctness//11_allow_allow_equal.json
[2/5] Resource scan started
[3/5] updatedAt changed: 2025-05-10T14:15:51.358Z
[4/5] intents saved at ./aws_result/Correctness//11_allow_allow_equal_result.json
[5/5] 2025-05-10 22:15:59: Total running time  : 13 seconds
[5/5] 2025-05-10 22:15:59: Final intents count : 1
---------------------------------------------
Processing file: data/Correctness//12_allow_allow_overriding.json
[0/5] Initial updatedAt: 2025-05-10T14:15:51.358Z
[1/5] Bucket policy updated with data/Correctness//12_allow_allow_overriding.json
[2/5] Resource scan started
[3/5] updatedAt changed: 2025-05-10T14:16:02.905Z
[4/5] intents saved at ./aws_result/Correctness//12_allow_allow_overriding_result.json
[5/5] 2025-05-10 22:16:10: Total running time  : 11 seconds
[5/5] 2025-05-10 22:16:10: Final intents count : 1
---------------------------------------------
Processing file: data/Correctness//13_allow_allow_overlapping1.json
[0/5] Initial updatedAt: 2025-05-10T14:16:02.905Z
[1/5] Bucket policy updated with data/Correctness//13_allow_allow_overlapping1.json
[2/5] Resource scan started
[3/5] updatedAt changed: 2025-05-10T14:16:14.610Z
[4/5] intents saved at ./aws_result/Correctness//13_allow_allow_overlapping1_result.json
[5/5] 2025-05-10 22:16:24: Total running time  : 14 seconds
[5/5] 2025-05-10 22:16:24: Final intents count : 2
---------------------------------------------
Processing file: data/Correctness//14_allow_allow_overlapping2.json
[0/5] Initial updatedAt: 2025-05-10T14:16:14.610Z
[1/5] Bucket policy updated with data/Correctness//14_allow_allow_overlapping2.json
[2/5] Resource scan started
[3/5] updatedAt changed: 2025-05-10T14:16:28.023Z
[4/5] intents saved at ./aws_result/Correctness//14_allow_allow_overlapping2_result.json
[5/5] 2025-05-10 22:16:37: Total running time  : 13 seconds
[5/5] 2025-05-10 22:16:37: Final intents count : 4
---------------------------------------------
Processing file: data/Correctness//15_allow_allow_disjoint.json
[0/5] Initial updatedAt: 2025-05-10T14:16:28.023Z
[1/5] Bucket policy updated with data/Correctness//15_allow_allow_disjoint.json
[2/5] Resource scan started
[3/5] updatedAt changed: 2025-05-10T14:16:41.692Z
[4/5] intents saved at ./aws_result/Correctness//15_allow_allow_disjoint_result.json
[5/5] 2025-05-10 22:16:51: Total running time  : 14 seconds
[5/5] 2025-05-10 22:16:51: Final intents count : 4
---------------------------------------------
Processing file: data/Correctness//21_allow_deny_equal.json
[0/5] Initial updatedAt: 2025-05-10T14:16:41.692Z
[1/5] Bucket policy updated with data/Correctness//21_allow_deny_equal.json
[2/5] Resource scan started
[3/5] updatedAt changed: None
[4/5] intents saved at ./aws_result/Correctness//21_allow_deny_equal_result.json
[5/5] 2025-05-10 22:17:05: Total running time  : 14 seconds
[5/5] 2025-05-10 22:17:05: Final intents count : 0
---------------------------------------------
Processing file: data/Correctness//22_allow_deny_overriding1.json
[0/5] Initial updatedAt: None
[1/5] Bucket policy updated with data/Correctness//22_allow_deny_overriding1.json
[2/5] Resource scan started
[3/5] Timeout after 20 seconds, updatedAt not changed.
[4/5] intents saved at ./aws_result/Correctness//22_allow_deny_overriding1_result.json
[5/5] 2025-05-10 22:17:30: Total running time  : 25 seconds
[5/5] 2025-05-10 22:17:30: Final intents count : 0
---------------------------------------------
Processing file: data/Correctness//23_allow_deny_overriding2.json
[0/5] Initial updatedAt: None
[1/5] Bucket policy updated with data/Correctness//23_allow_deny_overriding2.json
[2/5] Resource scan started
[3/5] updatedAt changed: 2025-05-10T14:17:33.940Z
[4/5] intents saved at ./aws_result/Correctness//23_allow_deny_overriding2_result.json
[5/5] 2025-05-10 22:17:43: Total running time  : 13 seconds
[5/5] 2025-05-10 22:17:43: Final intents count : 1
---------------------------------------------
Processing file: data/Correctness//24_allow_deny_disjoint.json
[0/5] Initial updatedAt: 2025-05-10T14:17:33.940Z
[1/5] Bucket policy updated with data/Correctness//24_allow_deny_disjoint.json
[2/5] Resource scan started
[3/5] updatedAt changed: 2025-05-10T14:17:47.478Z
[4/5] intents saved at ./aws_result/Correctness//24_allow_deny_disjoint_result.json
[5/5] 2025-05-10 22:17:57: Total running time  : 14 seconds
[5/5] 2025-05-10 22:17:57: Final intents count : 2
---------------------------------------------
Processing file: data/Correctness//31_allow_deny_comp_overriding1.json
[0/5] Initial updatedAt: 2025-05-10T14:17:47.478Z
[1/5] Bucket policy updated with data/Correctness//31_allow_deny_comp_overriding1.json
[2/5] Resource scan started
[3/5] updatedAt changed: 2025-05-10T14:18:01.310Z
[4/5] intents saved at ./aws_result/Correctness//31_allow_deny_comp_overriding1_result.json
[5/5] 2025-05-10 22:18:10: Total running time  : 13 seconds
[5/5] 2025-05-10 22:18:10: Final intents count : 2
---------------------------------------------
Processing file: data/Correctness//32_allow_deny_comp_overriding2.json
[0/5] Initial updatedAt: 2025-05-10T14:18:01.310Z
[1/5] Bucket policy updated with data/Correctness//32_allow_deny_comp_overriding2.json
[2/5] Resource scan started
[3/5] updatedAt changed: 2025-05-10T14:18:15.918Z
[4/5] intents saved at ./aws_result/Correctness//32_allow_deny_comp_overriding2_result.json
[5/5] 2025-05-10 22:18:25: Total running time  : 15 seconds
[5/5] 2025-05-10 22:18:25: Final intents count : 1
---------------------------------------------
Processing file: data/Correctness//33_allow_deny_comp_disjoint.json
[0/5] Initial updatedAt: 2025-05-10T14:18:15.918Z
[1/5] Bucket policy updated with data/Correctness//33_allow_deny_comp_disjoint.json
[2/5] Resource scan started
[3/5] updatedAt changed: 2025-05-10T14:18:29.281Z
[4/5] intents saved at ./aws_result/Correctness//33_allow_deny_comp_disjoint_result.json
[5/5] 2025-05-10 22:18:38: Total running time  : 13 seconds
[5/5] 2025-05-10 22:18:38: Final intents count : 2
---------------------------------------------
